teststart
-107374176.000000
0.000000
0.029171
0.017331
0.016271
0.016545
0.016625
0.016787
0.016723
0.016961
0.016402
0.016906
0.016324
0.016700
0.016526
0.016673
0.016609
0.016943
0.016376
0.016679
0.016669
0.016783
0.016637
0.016684
0.016786
0.016740
0.016823
0.016851
0.016579
0.016387
0.016586
0.016654
0.016859
0.016702
0.016601
0.016429
0.016948
0.016550
0.016691
0.016743
0.016390
0.016905
0.016630
0.016695
0.016417
0.016710
0.016824
0.016716
0.016547
0.016640
0.016581
0.016658
0.016904
0.016555
0.016843
0.016644
0.016512
0.016602
0.016872
0.016474
0.016767
0.016602
0.016638
0.016826
0.016706
0.016471
0.016767
0.017131
0.016854
0.016848
0.015881
0.016623
0.016632
0.016611
0.016658
0.016685
0.016485
0.016650
0.016625
0.016877
0.016484
0.017518
0.016613
0.017023
0.016531
0.016747
0.016708
0.016396
0.016573
0.016702
0.016552
0.016865
0.016498
0.016553
0.016932
0.016559
0.017012
0.015937
0.016872
0.016534
0.016432
0.016665
0.017211
0.016939
0.016317
0.017181
0.015544
0.016793
0.016687
0.016682
0.016557
0.016711
0.016561
0.016944
0.016700
0.016781
0.016386
0.016730
0.016960
0.016388
0.016983
0.016580
0.016522
0.016689
0.016687
0.016681
0.017005
0.016650
0.016835
0.016618
0.016635
0.016904
0.016554
0.016125
0.016651
0.016755
0.016428
0.016694
0.017098
0.016843
0.016642
0.016670
0.016589
0.016654
0.016634
0.017057
0.016570
0.016903
0.016394
0.016713
0.016415
0.016763
0.016599
0.016599
0.016246
0.016584
0.016612
0.016621
0.016951
0.016567
0.016571
0.016708
0.016706
0.016488
0.016600
0.017132
0.016257
0.016724
0.016537
0.016892
0.016879
0.017302
0.016002
0.016705
0.017075
0.016416
0.016774
0.016664
0.016719
0.016603
0.016589
0.017013
0.016693
0.016018
0.016763
0.016445
0.016925
0.016565
0.016381
0.017262
0.016343
0.016563
0.016726
0.016542
0.016670
0.016817
0.016737
0.016340
0.016757
0.016477
0.016768
0.016627
0.016661
0.016647
0.016971
0.017003
0.016894
0.016567
0.017003
0.016543
0.016308
0.016764
0.016587
0.016862
0.016571
0.016557
0.016843
0.016522
0.016625
0.016880
0.016765
0.016033
0.016848
0.016515
0.016606
0.017462
0.016513
0.016523
0.016121
0.016592
0.016603
0.016621
0.016715
0.016923
0.016532
0.016851
0.016632
0.016523
0.016590
0.016549
0.016636
0.016901
0.016438
0.016744
0.016717
0.016727
0.016764
0.016650
0.016919
0.016251
0.016892
0.016338
0.016799
0.016547
0.016811
0.016623
0.016691
0.016768
0.016593
0.016844
0.016528
0.017084
0.016710
0.016564
0.016301
0.016626
0.016713
0.016547
0.016901
0.016507
0.016658
0.016685
0.016802
0.016653
0.016518
0.016654
0.016622
0.016580
0.016814
0.016549
0.016763
0.016649
0.016759
0.016669
0.016949
0.016705
0.016474
0.016431
0.017256
0.016668
0.016603
0.016848
0.016763
0.016571
0.016622
0.016971
0.016427
0.016889
0.016643
0.016456
0.016707
0.016609
0.016554
0.016947
0.016464
0.016773
0.016767
0.016758
0.016639
0.016002
0.016975
0.016103
0.016703
0.017170
0.016299
0.017083
0.016631
0.016858
0.016218
0.016587
0.016541
0.017011
0.017215
0.016645
0.016394
0.016915
0.016382
0.016730
0.016597
0.016002
0.016950
0.016487
0.016591
0.017032
0.016591
0.016651
0.016688
0.016376
0.016595
0.016694
0.016883
0.016432
0.016757
0.016701
0.016667
0.017112
0.016494
0.016532
0.016882
0.016387
0.016749
0.016802
0.017090
0.016567
0.016614
0.017184
0.016214
0.016777
0.016649
0.016538
0.016352
0.016578
0.016613
0.016644
0.016592
0.016631
0.016970
0.016573
0.016616
0.017403
0.016302
0.016148
0.017504
0.016717
0.016244
0.016652
0.016624
0.016784
0.016328
0.016719
0.016476
0.016780
0.016661
0.016598
0.016679
0.016671
0.016506
0.016759
0.016796
0.016738
0.016779
0.016802
0.016135
0.016934
0.016564
0.016770
0.016903
0.016301
0.016802
0.016344
0.016798
0.016653
0.016815
0.017072
0.016815
0.016979
0.019232
0.013282
0.016535
0.016830
0.016536
0.016890
0.016464
0.016737
0.016503
0.016617
0.016665
0.016754
0.016907
0.017029
0.016785
0.016664
0.016615
0.016076
0.016601
0.016701
0.016824
0.016629
0.016780
0.016615
0.016646
0.016431
0.016740
0.016988
0.016450
0.017529
0.017063
0.017160
0.015697
0.016754
0.016543
0.016346
0.016355
0.016919
0.016401
0.017069
0.016151
0.016599
0.017647
0.016499
0.016825
0.015736
0.016666
0.016682
0.016599
0.016733
0.016802
0.016686
0.016620
0.016646
teststop
